<?xml version="1.0" encoding="UTF-8"?>
<!-- Generated by org.testng.reporters.JUnitReportReporter -->
<testsuite hostname="satpc" name="practice_misc.TestNG_XML_Parameters" tests="3" failures="0" timestamp="9 Jun 2017 18:57:12 GMT" time="16.372" errors="0">
  <testcase name="login" time="13.507" classname="practice_misc.TestNG_XML_Parameters"/>
  <testcase name="logout" time="2.847" classname="practice_misc.TestNG_XML_Parameters"/>
  <testcase name="method1" time="0.018" classname="practice_misc.TestNG_XML_Parameters"/>
</testsuite> <!-- practice_misc.TestNG_XML_Parameters -->
