<?xml version="1.0" encoding="UTF-8"?>
<!-- Generated by org.testng.reporters.JUnitReportReporter -->
<testsuite hostname="satpc" name="practice_misc.TestNG_Parameters_thru_DataPRovider" tests="2" failures="0" timestamp="26 May 2017 15:12:41 GMT" time="24.715" errors="0">
  <testcase name="login" time="14.910" classname="practice_misc.TestNG_Parameters_thru_DataPRovider"/>
  <testcase name="login" time="9.805" classname="practice_misc.TestNG_Parameters_thru_DataPRovider"/>
</testsuite> <!-- practice_misc.TestNG_Parameters_thru_DataPRovider -->
