<?xml version="1.0" encoding="UTF-8"?>
<!-- Generated by org.testng.reporters.JUnitReportReporter -->
<testsuite hostname="satpc" name="practice_misc.TestNG_Ex1" tests="3" failures="0" timestamp="22 May 2017 18:52:33 GMT" time="0.015" errors="0">
  <testcase name="test1_method" time="0.010" classname="practice_misc.TestNG_Ex1"/>
  <testcase name="test3_method" time="0.003" classname="practice_misc.TestNG_Ex1"/>
  <testcase name="test2_method" time="0.002" classname="practice_misc.TestNG_Ex1"/>
</testsuite> <!-- practice_misc.TestNG_Ex1 -->
