<?xml version="1.0" encoding="UTF-8"?>
<!-- Generated by org.testng.reporters.JUnitReportReporter -->
<testsuite hostname="satpc" name="practice_misc.AssertFailureScreenShotTestNG" tests="1" failures="0" timestamp="11 Jun 2017 22:58:32 GMT" time="0.010" errors="0">
  <testcase name="teststackquestion" time="0.010" classname="practice_misc.AssertFailureScreenShotTestNG"/>
</testsuite> <!-- practice_misc.AssertFailureScreenShotTestNG -->
