<?xml version="1.0" encoding="UTF-8"?>
<!-- Generated by org.testng.reporters.JUnitReportReporter -->
<testsuite hostname="satpc" name="practice_misc.TestNG_annotations_All_Example" tests="3" failures="0" timestamp="26 May 2017 12:06:00 GMT" time="0.014" errors="0">
  <testcase name="test2_method" time="0.003" classname="practice_misc.TestNG_annotations_All_Example"/>
  <testcase name="test1_method" time="0.001" classname="practice_misc.TestNG_annotations_All_Example"/>
  <testcase name="test3_method" time="0.010" classname="practice_misc.TestNG_annotations_All_Example"/>
</testsuite> <!-- practice_misc.TestNG_annotations_All_Example -->
