<?xml version="1.0" encoding="UTF-8"?>
<!-- Generated by org.testng.reporters.JUnitReportReporter -->
<testsuite hostname="satpc" name="practice_misc.auto_suggestion" tests="1" failures="0" timestamp="19 May 2017 15:23:43 GMT" time="17.735" errors="0">
  <testcase name="method1" time="17.735" classname="practice_misc.auto_suggestion"/>
</testsuite> <!-- practice_misc.auto_suggestion -->
